[ 2025-11-21 15:32:21,529 ] 16 root - INFO - Starting Model Evaluation Pipeline
[ 2025-11-21 15:32:21,529 ] 15 root - INFO - Starting Model training pipeline
[ 2025-11-21 15:32:21,529 ] 14 root - INFO - Starting Data Transformation Pipeline
[ 2025-11-21 15:32:21,529 ] 12 root - INFO - Starting Data Ingestion Pipeline
[ 2025-11-21 15:32:21,529 ] 28 root - INFO - [DataIngestion] Loading dataset from: {self.folder_path}
[ 2025-11-21 15:32:21,529 ] 40 root - INFO - [DataIngestion] Loading class: Negative
[ 2025-11-21 15:32:21,745 ] 40 root - INFO - [DataIngestion] Loading class: Cancer
[ 2025-11-21 15:32:22,025 ] 59 root - INFO - [DataIngestion] Total images loaded: 820
[ 2025-11-21 15:32:22,025 ] 68 root - INFO - [DataIngestion] Shuffling dataset
[ 2025-11-21 15:32:22,091 ] 80 root - INFO - [DataIngestion] Splitting dataset
[ 2025-11-21 15:32:22,131 ] 86 root - INFO - [DataIngestion] Split completed
[ 2025-11-21 15:32:22,133 ] 25 root - INFO - Data Ingestion Pipeline Completed
[ 2025-11-21 15:32:22,139 ] 28 root - INFO - [DataTransformationPipeline] Data successfully ingested.
[ 2025-11-21 15:32:22,139 ] 29 root - INFO -  Train: (656, 224, 224, 3)
[ 2025-11-21 15:32:22,139 ] 30 root - INFO -  Val  : (82, 224, 224, 3)
[ 2025-11-21 15:32:22,139 ] 31 root - INFO -  Test : (82, 224, 224, 3)
[ 2025-11-21 15:32:22,139 ] 9 root - INFO - DataTransformation initialized
[ 2025-11-21 15:32:22,139 ] 14 root - INFO - Starting Data Tranformation
[ 2025-11-21 15:32:22,238 ] 45 root - INFO - Data Transformation completed
[ 2025-11-21 15:32:22,238 ] 43 root - INFO - Data Transformation completed
[ 2025-11-21 15:32:22,244 ] 21 root - INFO - [ModelTrainerPipeline] Data transformation OK
[ 2025-11-21 15:32:22,244 ] 54 root - INFO - Starting model training
[ 2025-11-21 15:32:22,244 ] 20 root - INFO - Building CNN model
[ 2025-11-21 15:32:22,383 ] 46 root - INFO - Model compiled successfully
[ 2025-11-21 15:34:24,149 ] 66 root - INFO - Model training completed successfully
[ 2025-11-21 15:34:24,151 ] 27 root - INFO - Model trainer pipeline completed
[ 2025-11-21 15:34:24,151 ] 28 root - INFO - Best model saved at: artifacts/best_model.keras
