[ 2025-11-21 20:15:28,199 ] 18 root - INFO - Starting Model Evaluation Pipeline
[ 2025-11-21 20:15:28,199 ] 14 root - INFO - Starting Data Transformation Pipeline
[ 2025-11-21 20:15:28,199 ] 12 root - INFO - Starting Data Ingestion Pipeline
[ 2025-11-21 20:15:28,199 ] 28 root - INFO - [DataIngestion] Loading dataset from: {self.folder_path}
[ 2025-11-21 20:15:28,199 ] 40 root - INFO - [DataIngestion] Loading class: Negative
[ 2025-11-21 20:15:28,396 ] 40 root - INFO - [DataIngestion] Loading class: Cancer
[ 2025-11-21 20:15:28,645 ] 59 root - INFO - [DataIngestion] Total images loaded: 820
[ 2025-11-21 20:15:28,677 ] 68 root - INFO - [DataIngestion] Shuffling dataset
[ 2025-11-21 20:15:28,723 ] 80 root - INFO - [DataIngestion] Splitting dataset
[ 2025-11-21 20:15:28,754 ] 86 root - INFO - [DataIngestion] Split completed
[ 2025-11-21 20:15:28,770 ] 25 root - INFO - Data Ingestion Pipeline Completed
[ 2025-11-21 20:15:28,776 ] 28 root - INFO - [DataTransformationPipeline] Data successfully ingested.
[ 2025-11-21 20:15:28,776 ] 29 root - INFO -  Train: (656, 224, 224, 3)
[ 2025-11-21 20:15:28,776 ] 30 root - INFO -  Val  : (82, 224, 224, 3)
[ 2025-11-21 20:15:28,776 ] 31 root - INFO -  Test : (82, 224, 224, 3)
[ 2025-11-21 20:15:28,776 ] 9 root - INFO - DataTransformation initialized
[ 2025-11-21 20:15:28,776 ] 14 root - INFO - Starting Data Tranformation
[ 2025-11-21 20:15:28,865 ] 45 root - INFO - Data Transformation completed
[ 2025-11-21 20:15:28,865 ] 43 root - INFO - Data Transformation completed
[ 2025-11-21 20:15:28,865 ] 24 root - INFO - [ModelEvaluationPipeline] Data loaded and transformed
[ 2025-11-21 20:15:28,865 ] 16 root - INFO - [ModelEvaluation] Loading model from: artifacts/best_model.keras
[ 2025-11-21 20:15:29,272 ] 30 root - INFO - [ModelEvaluation] Predicting on validation set
[ 2025-11-21 20:15:29,752 ] 51 root - INFO - [ModelEvaluation] Metrics saved to artifacts/metrics.json
[ 2025-11-21 20:15:29,969 ] 86 root - INFO - [ModelEvaluation] ROC curve saved: artifacts\roc_curve.png
[ 2025-11-21 20:15:30,162 ] 106 root - INFO - [ModelEvaluation] Confusion matrix saved: artifacts\confusion_matrix.png
[ 2025-11-21 20:15:30,162 ] 36 root - INFO - Model Evaluation Pipeline Completed
