[ 2025-11-21 16:27:18,830 ] 18 root - INFO - Starting Model Evaluation Pipeline
[ 2025-11-21 16:27:18,830 ] 14 root - INFO - Starting Data Transformation Pipeline
[ 2025-11-21 16:27:18,830 ] 12 root - INFO - Starting Data Ingestion Pipeline
[ 2025-11-21 16:27:18,830 ] 28 root - INFO - [DataIngestion] Loading dataset from: {self.folder_path}
[ 2025-11-21 16:27:18,830 ] 40 root - INFO - [DataIngestion] Loading class: Negative
[ 2025-11-21 16:27:18,987 ] 40 root - INFO - [DataIngestion] Loading class: Cancer
[ 2025-11-21 16:27:19,187 ] 59 root - INFO - [DataIngestion] Total images loaded: 820
[ 2025-11-21 16:27:19,191 ] 68 root - INFO - [DataIngestion] Shuffling dataset
[ 2025-11-21 16:27:19,207 ] 80 root - INFO - [DataIngestion] Splitting dataset
[ 2025-11-21 16:27:19,239 ] 86 root - INFO - [DataIngestion] Split completed
[ 2025-11-21 16:27:19,239 ] 25 root - INFO - Data Ingestion Pipeline Completed
[ 2025-11-21 16:27:19,255 ] 28 root - INFO - [DataTransformationPipeline] Data successfully ingested.
[ 2025-11-21 16:27:19,255 ] 29 root - INFO -  Train: (656, 224, 224, 3)
[ 2025-11-21 16:27:19,255 ] 30 root - INFO -  Val  : (82, 224, 224, 3)
[ 2025-11-21 16:27:19,255 ] 31 root - INFO -  Test : (82, 224, 224, 3)
[ 2025-11-21 16:27:19,255 ] 9 root - INFO - DataTransformation initialized
[ 2025-11-21 16:27:19,255 ] 14 root - INFO - Starting Data Tranformation
[ 2025-11-21 16:27:19,336 ] 45 root - INFO - Data Transformation completed
[ 2025-11-21 16:27:19,338 ] 43 root - INFO - Data Transformation completed
[ 2025-11-21 16:27:19,340 ] 24 root - INFO - [ModelEvaluationPipeline] Data loaded and transformed
[ 2025-11-21 16:27:19,340 ] 16 root - INFO - [ModelEvaluation] Loading model from: artifacts/best_model.h5
