[ 2025-11-21 13:45:42,148 ] 15 root - INFO - Starting Model training pipeline
[ 2025-11-21 13:45:42,148 ] 14 root - INFO - Starting Data Transformation Pipeline
[ 2025-11-21 13:45:42,148 ] 12 root - INFO - Starting Data Ingestion Pipeline
[ 2025-11-21 13:45:42,148 ] 28 root - INFO - [DataIngestion] Loading dataset from: {self.folder_path}
[ 2025-11-21 13:45:42,148 ] 40 root - INFO - [DataIngestion] Loading class: Negative
[ 2025-11-21 13:45:42,329 ] 40 root - INFO - [DataIngestion] Loading class: Cancer
[ 2025-11-21 13:45:42,584 ] 59 root - INFO - [DataIngestion] Total images loaded: 820
[ 2025-11-21 13:45:42,618 ] 68 root - INFO - [DataIngestion] Shuffling dataset
[ 2025-11-21 13:45:42,656 ] 80 root - INFO - [DataIngestion] Splitting dataset
[ 2025-11-21 13:45:42,695 ] 86 root - INFO - [DataIngestion] Split completed
[ 2025-11-21 13:45:42,695 ] 25 root - INFO - Data Ingestion Pipeline Completed
[ 2025-11-21 13:45:42,695 ] 28 root - INFO - [DataTransformationPipeline] Data successfully ingested.
[ 2025-11-21 13:45:42,695 ] 29 root - INFO -  Train: (656, 224, 224, 3)
[ 2025-11-21 13:45:42,695 ] 30 root - INFO -  Val  : (82, 224, 224, 3)
[ 2025-11-21 13:45:42,695 ] 31 root - INFO -  Test : (82, 224, 224, 3)
[ 2025-11-21 13:45:42,695 ] 9 root - INFO - DataTransformation initialized
[ 2025-11-21 13:45:42,695 ] 14 root - INFO - Starting Data Tranformation
[ 2025-11-21 13:45:42,815 ] 45 root - INFO - Data Transformation completed
[ 2025-11-21 13:45:42,815 ] 43 root - INFO - Data Transformation completed
[ 2025-11-21 13:45:42,831 ] 21 root - INFO - [ModelTrainerPipeline] Data transformation OK
[ 2025-11-21 13:45:42,831 ] 54 root - INFO - Starting model training
[ 2025-11-21 13:45:42,831 ] 20 root - INFO - Building CNN model
[ 2025-11-21 13:45:43,047 ] 46 root - INFO - Model compiled successfully
