[ 2025-11-21 20:13:17,997 ] 15 root - INFO - Starting Model training pipeline
[ 2025-11-21 20:13:17,997 ] 14 root - INFO - Starting Data Transformation Pipeline
[ 2025-11-21 20:13:17,997 ] 12 root - INFO - Starting Data Ingestion Pipeline
[ 2025-11-21 20:13:17,997 ] 28 root - INFO - [DataIngestion] Loading dataset from: {self.folder_path}
[ 2025-11-21 20:13:17,997 ] 40 root - INFO - [DataIngestion] Loading class: Negative
[ 2025-11-21 20:13:18,187 ] 40 root - INFO - [DataIngestion] Loading class: Cancer
[ 2025-11-21 20:13:18,461 ] 59 root - INFO - [DataIngestion] Total images loaded: 820
[ 2025-11-21 20:13:18,461 ] 68 root - INFO - [DataIngestion] Shuffling dataset
[ 2025-11-21 20:13:18,502 ] 80 root - INFO - [DataIngestion] Splitting dataset
[ 2025-11-21 20:13:18,553 ] 86 root - INFO - [DataIngestion] Split completed
[ 2025-11-21 20:13:18,553 ] 25 root - INFO - Data Ingestion Pipeline Completed
[ 2025-11-21 20:13:18,553 ] 28 root - INFO - [DataTransformationPipeline] Data successfully ingested.
[ 2025-11-21 20:13:18,553 ] 29 root - INFO -  Train: (656, 224, 224, 3)
[ 2025-11-21 20:13:18,553 ] 30 root - INFO -  Val  : (82, 224, 224, 3)
[ 2025-11-21 20:13:18,553 ] 31 root - INFO -  Test : (82, 224, 224, 3)
[ 2025-11-21 20:13:18,553 ] 9 root - INFO - DataTransformation initialized
[ 2025-11-21 20:13:18,553 ] 14 root - INFO - Starting Data Tranformation
[ 2025-11-21 20:13:18,664 ] 45 root - INFO - Data Transformation completed
[ 2025-11-21 20:13:18,664 ] 43 root - INFO - Data Transformation completed
[ 2025-11-21 20:13:18,664 ] 21 root - INFO - [ModelTrainerPipeline] Data transformation OK
[ 2025-11-21 20:13:18,664 ] 54 root - INFO - Starting model training
[ 2025-11-21 20:13:18,664 ] 20 root - INFO - Building CNN model
[ 2025-11-21 20:13:18,818 ] 46 root - INFO - Model compiled successfully
[ 2025-11-21 20:14:51,882 ] 66 root - INFO - Model training completed successfully
[ 2025-11-21 20:14:51,882 ] 27 root - INFO - Model trainer pipeline completed
[ 2025-11-21 20:14:51,884 ] 28 root - INFO - Best model saved at: artifacts/best_model.keras
