[ 2025-11-21 20:10:40,785 ] 15 root - INFO - Starting Model training pipeline
[ 2025-11-21 20:10:40,785 ] 14 root - INFO - Starting Data Transformation Pipeline
[ 2025-11-21 20:10:40,785 ] 12 root - INFO - Starting Data Ingestion Pipeline
[ 2025-11-21 20:10:40,785 ] 28 root - INFO - [DataIngestion] Loading dataset from: {self.folder_path}
[ 2025-11-21 20:10:40,785 ] 40 root - INFO - [DataIngestion] Loading class: Negative
[ 2025-11-21 20:10:40,984 ] 40 root - INFO - [DataIngestion] Loading class: Cancer
[ 2025-11-21 20:10:41,241 ] 59 root - INFO - [DataIngestion] Total images loaded: 820
[ 2025-11-21 20:10:41,272 ] 68 root - INFO - [DataIngestion] Shuffling dataset
[ 2025-11-21 20:10:41,309 ] 80 root - INFO - [DataIngestion] Splitting dataset
[ 2025-11-21 20:10:41,350 ] 86 root - INFO - [DataIngestion] Split completed
[ 2025-11-21 20:10:41,350 ] 25 root - INFO - Data Ingestion Pipeline Completed
[ 2025-11-21 20:10:41,356 ] 28 root - INFO - [DataTransformationPipeline] Data successfully ingested.
[ 2025-11-21 20:10:41,356 ] 29 root - INFO -  Train: (656, 224, 224, 3)
[ 2025-11-21 20:10:41,356 ] 30 root - INFO -  Val  : (82, 224, 224, 3)
[ 2025-11-21 20:10:41,356 ] 31 root - INFO -  Test : (82, 224, 224, 3)
[ 2025-11-21 20:10:41,356 ] 9 root - INFO - DataTransformation initialized
[ 2025-11-21 20:10:41,356 ] 14 root - INFO - Starting Data Tranformation
[ 2025-11-21 20:10:41,462 ] 45 root - INFO - Data Transformation completed
[ 2025-11-21 20:10:41,462 ] 43 root - INFO - Data Transformation completed
[ 2025-11-21 20:10:41,466 ] 21 root - INFO - [ModelTrainerPipeline] Data transformation OK
[ 2025-11-21 20:10:41,466 ] 54 root - INFO - Starting model training
[ 2025-11-21 20:10:41,466 ] 20 root - INFO - Building CNN model
[ 2025-11-21 20:10:41,641 ] 46 root - INFO - Model compiled successfully
[ 2025-11-21 20:12:02,639 ] 66 root - INFO - Model training completed successfully
[ 2025-11-21 20:12:02,639 ] 27 root - INFO - Model trainer pipeline completed
[ 2025-11-21 20:12:02,639 ] 28 root - INFO - Best model saved at: artifacts/best_model.keras
